SF:lib\core\error\failures.dart
DA:6,4
DA:8,0
DA:9,0
DA:11,0
DA:12,0
DA:16,4
DA:20,8
DA:24,0
DA:28,3
DA:32,2
DA:36,6
LF:11
LH:6
end_of_record
SF:lib\core\error\handle_dio_failure.dart
DA:4,3
DA:5,3
DA:6,3
DA:7,3
DA:8,3
DA:9,3
DA:11,3
DA:12,6
DA:14,3
DA:15,3
DA:16,3
DA:17,1
DA:20,6
DA:21,6
DA:22,2
DA:23,6
DA:24,6
DA:25,2
DA:26,3
DA:30,3
DA:32,1
DA:34,1
DA:37,1
DA:38,1
DA:40,1
DA:41,1
DA:45,3
DA:46,1
DA:48,1
LF:29
LH:29
end_of_record
SF:lib\core\constants\api_endpoints.dart
DA:14,0
DA:15,0
DA:16,0
LF:3
LH:0
end_of_record
SF:lib\core\constants\base_url.dart
DA:5,0
LF:1
LH:0
end_of_record
SF:lib\core\network\dio_client.dart
DA:10,0
DA:12,0
DA:13,0
DA:14,0
DA:15,0
DA:22,0
DA:23,0
DA:24,0
DA:27,0
DA:28,0
DA:30,0
DA:33,0
DA:34,0
DA:35,0
DA:36,0
DA:38,0
DA:41,0
DA:46,0
DA:49,0
DA:50,0
DA:53,0
DA:54,0
DA:57,0
DA:58,0
LF:24
LH:0
end_of_record
SF:lib\features\auth\data\datasources\auth_remote_data_source.dart
DA:24,1
DA:26,1
DA:29,2
DA:31,1
DA:34,1
DA:35,2
DA:37,2
DA:41,1
DA:47,2
DA:49,1
DA:51,2
DA:52,1
DA:53,1
DA:54,2
DA:56,0
DA:60,1
DA:65,2
DA:67,1
DA:69,2
DA:70,1
DA:71,1
DA:72,2
DA:74,0
DA:78,1
DA:81,2
DA:83,3
DA:86,1
DA:87,1
DA:88,1
DA:89,1
DA:90,1
DA:91,1
DA:94,1
DA:95,2
DA:97,0
DA:101,1
DA:104,2
DA:106,1
DA:107,2
DA:109,0
LF:40
LH:36
end_of_record
SF:lib\features\auth\data\models\auth_tokens_model.dart
DA:4,3
DA:9,2
DA:10,2
DA:12,3
DA:14,3
DA:18,1
DA:19,3
LF:7
LH:7
end_of_record
SF:lib\features\home\domain\entities\home_bootstrap.dart
DA:7,6
DA:19,2
DA:20,10
LF:3
LH:3
end_of_record
SF:lib\features\auth\domain\entities\auth_tokens.dart
DA:7,4
DA:9,1
DA:10,3
LF:3
LH:3
end_of_record
SF:lib\features\home\data\datasources\home_remote_data_source.dart
DA:16,1
DA:18,1
DA:21,2
DA:22,1
DA:23,2
DA:24,1
DA:25,2
DA:27,2
LF:8
LH:8
end_of_record
SF:lib\features\home\data\models\home_bootstrap_model.dart
DA:7,3
DA:14,2
DA:15,2
DA:17,2
DA:18,2
DA:19,4
DA:21,2
DA:22,1
DA:24,2
DA:25,6
DA:26,2
DA:27,1
DA:29,2
DA:30,2
DA:31,0
DA:33,2
DA:34,1
DA:36,2
DA:37,2
DA:38,0
DA:40,2
DA:41,1
DA:45,1
DA:46,1
DA:47,1
DA:48,1
DA:49,1
DA:50,1
DA:51,1
DA:52,1
DA:53,1
DA:54,1
DA:55,1
DA:56,1
DA:57,1
DA:58,1
DA:62,0
DA:63,0
DA:64,0
DA:65,0
DA:66,0
DA:67,0
LF:42
LH:34
end_of_record
SF:lib\features\home\data\models\home_brand_model.dart
DA:4,2
DA:12,2
DA:13,2
DA:14,2
DA:15,2
DA:16,2
DA:17,2
DA:18,2
DA:22,0
DA:23,0
DA:24,0
DA:25,0
DA:26,0
DA:27,0
DA:28,0
DA:32,0
DA:33,0
DA:34,0
DA:35,0
DA:36,0
DA:37,0
DA:38,0
LF:22
LH:8
end_of_record
SF:lib\features\home\data\models\home_category_model.dart
DA:4,2
DA:11,2
DA:12,2
DA:13,2
DA:14,2
DA:15,2
DA:16,2
DA:20,0
DA:21,0
DA:22,0
DA:23,0
DA:24,0
DA:25,0
DA:29,0
DA:30,0
DA:31,0
DA:32,0
DA:33,0
DA:34,0
LF:19
LH:7
end_of_record
SF:lib\features\home\data\models\home_menu_item_model.dart
DA:4,0
DA:17,0
DA:18,0
DA:19,0
DA:20,0
DA:21,0
DA:22,0
DA:23,0
DA:24,0
DA:25,0
DA:26,0
DA:27,0
DA:28,0
DA:32,0
DA:33,0
DA:34,0
DA:35,0
DA:36,0
DA:37,0
DA:38,0
DA:39,0
DA:40,0
DA:41,0
DA:42,0
DA:43,0
DA:47,0
DA:48,0
DA:49,0
DA:50,0
DA:51,0
DA:52,0
DA:53,0
DA:54,0
DA:55,0
DA:56,0
DA:57,0
DA:58,0
LF:37
LH:0
end_of_record
SF:lib\features\home\domain\entities\home_brand.dart
DA:4,2
DA:18,0
DA:19,0
LF:3
LH:1
end_of_record
SF:lib\features\home\domain\entities\home_category.dart
DA:4,2
DA:16,0
DA:17,0
LF:3
LH:1
end_of_record
SF:lib\features\home\domain\entities\home_menu_item.dart
DA:4,0
DA:28,0
DA:29,0
DA:30,0
DA:31,0
DA:32,0
DA:33,0
DA:34,0
DA:35,0
DA:36,0
DA:37,0
DA:38,0
DA:39,0
LF:13
LH:0
end_of_record
SF:lib\features\auth\domain\usecases\get_app_bootstrap.dart
DA:11,0
DA:13,0
DA:15,0
DA:22,2
DA:24,1
DA:25,2
LF:6
LH:3
end_of_record
SF:lib\features\auth\domain\usecases\request_otp.dart
DA:10,0
DA:12,0
DA:14,0
DA:21,2
DA:23,1
DA:24,2
LF:6
LH:3
end_of_record
SF:lib\features\auth\domain\usecases\verify_otp.dart
DA:11,0
DA:13,0
DA:15,0
DA:23,2
DA:25,1
DA:26,3
LF:6
LH:3
end_of_record
SF:lib\features\home\domain\usecases\get_home_bootstrap.dart
DA:5,0
DA:9,0
LF:2
LH:0
end_of_record
SF:lib\core\usecases\usecase.dart
DA:10,0
DA:11,0
LF:2
LH:0
end_of_record
SF:lib\features\auth\domain\entities\auth_session.dart
DA:8,0
DA:10,0
DA:11,0
LF:3
LH:0
end_of_record
SF:lib\features\auth\presentation\bloc\login_bloc\login_state.dart
DA:4,3
DA:6,1
DA:7,1
DA:17,2
DA:19,1
DA:20,2
DA:27,2
DA:29,1
DA:30,3
DA:36,3
DA:38,1
DA:39,2
LF:12
LH:12
end_of_record
SF:lib\features\auth\presentation\bloc\login_bloc\login_event.dart
DA:4,1
DA:6,0
DA:7,0
DA:13,1
DA:15,0
DA:16,0
DA:23,1
DA:25,0
DA:26,0
LF:9
LH:3
end_of_record
SF:lib\features\auth\presentation\bloc\login_bloc\login_bloc.dart
DA:17,1
DA:21,2
DA:22,2
DA:23,2
DA:26,1
DA:30,2
DA:32,2
DA:33,1
DA:37,2
DA:38,2
DA:41,1
DA:42,4
DA:43,4
DA:47,1
DA:51,2
DA:53,4
DA:54,1
DA:58,2
DA:59,3
DA:62,6
DA:66,2
DA:67,2
DA:70,1
DA:71,4
DA:72,3
LF:25
LH:25
end_of_record
SF:lib\features\home\presentation\cubit\home_bootstrap_state.dart
DA:4,2
DA:6,1
DA:7,1
DA:17,2
DA:19,1
DA:20,2
DA:26,2
DA:28,1
DA:29,2
LF:9
LH:9
end_of_record
SF:lib\features\home\presentation\cubit\home_bootstrap_cubit.dart
DA:11,1
DA:12,2
DA:14,1
DA:16,2
DA:17,2
DA:18,2
DA:20,3
DA:24,1
DA:25,1
LF:9
LH:9
end_of_record
